#
# There is insufficient memory for the Java Runtime Environment to continue.
# Native memory allocation (mmap) failed to map 264241152 bytes. Error detail: G1 virtual space
# Possible reasons:
#   The system is out of physical RAM or swap space
#   This process is running with CompressedOops enabled, and the Java Heap may be blocking the growth of the native heap
# Possible solutions:
#   Reduce memory load on the system
#   Increase physical memory or swap space
#   Check if swap backing store is full
#   Decrease Java heap size (-Xmx/-Xms)
#   Decrease number of Java threads
#   Decrease Java thread stack sizes (-Xss)
#   Set larger code cache with -XX:ReservedCodeCacheSize=
#   JVM is running with Zero Based Compressed Oops mode in which the Java heap is
#     placed in the first 32GB address space. The Java Heap base address is the
#     maximum limit for the native heap growth. Please use -XX:HeapBaseMinAddress
#     to set the Java Heap base and to place the Java Heap above 32GB virtual address.
# This output file may be truncated or incomplete.
#
#  Out of Memory Error (os_windows.cpp:3766), pid=9508, tid=18900
#
# JRE version:  (25.0.2+1) (build )
# Java VM: OpenJDK 64-Bit Server VM (25.0.2+1-b329.72, mixed mode, sharing, tiered, compressed oops, compressed class ptrs, g1 gc, windows-amd64)
# No core dump will be written. Minidumps are not enabled by default on client versions of Windows
#

---------------  S U M M A R Y ------------

Command Line: git4idea.http.GitAskPassApp Username for 'https://github.com': 

Host: 11th Gen Intel(R) Core(TM) i5-1155G7 @ 2.50GHz, 8 cores, 15G,  Windows 11 , 64 bit Build 22621 (10.0.22621.5415)
Time: Mon Apr 20 16:19:16 2026 India Standard Time elapsed time: 0.011905 seconds (0d 0h 0m 0s)

---------------  T H R E A D  ---------------

Current thread (0x000002042582e0b0):  JavaThread "Unknown thread" [_thread_in_vm, id=18900, stack(0x000000449aa00000,0x000000449ab00000) (1024K)]

Stack: [0x000000449aa00000,0x000000449ab00000]
Native frames: (J=compiled Java code, j=interpreted, Vv=VM code, C=native code)
V  [jvm.dll+0x7c0b19]  (no source info available)
V  [jvm.dll+0x78a2ed]  (no source info available)
V  [jvm.dll+0xa0e563]  (no source info available)
V  [jvm.dll+0xa10d5c]  (no source info available)
V  [jvm.dll+0xa11453]  (no source info available)
V  [jvm.dll+0x307b86]  (no source info available)
V  [jvm.dll+0x7bcd25]  (no source info available)
V  [jvm.dll+0x7afce7]  (no source info available)
V  [jvm.dll+0x4015ce]  (no source info available)
V  [jvm.dll+0x4093eb]  (no source info available)
V  [jvm.dll+0x3f5c29]  (no source info available)
V  [jvm.dll+0x3f5edb]  (no source info available)
V  [jvm.dll+0x3cc093]  (no source info available)
V  [jvm.dll+0x3cccfe]  (no source info available)
V  [jvm.dll+0x9d48d7]  (no source info available)
V  [jvm.dll+0x466ce2]  (no source info available)
V  [jvm.dll+0x9b8019]  (no source info available)
V  [jvm.dll+0x508951]  (no source info available)
V  [jvm.dll+0x50a2c1]  (no source info available)
C  [jli.dll+0x541a]  (no source info available)
C  [ucrtbase.dll+0x29333]  (no source info available)
C  [KERNEL32.DLL+0x1259d]  (no source info available)
C  [ntdll.dll+0x5af78]  (no source info available)

Lock stack of current Java thread (top to bottom):


---------------  P R O C E S S  ---------------

Threads class SMR info:
_java_thread_list=0x00007ffc669d9108, length=0, elements={
}

Java Threads: ( => current thread )
Total: 0

Other Threads:
  0x0000020427aa7e40 WorkerThread "GC Thread#0"                     [id=3264, stack(0x000000449ab00000,0x000000449ac00000) (1024K)]
  0x0000020427ac0910 ConcurrentGCThread "G1 Main Marker"            [id=2308, stack(0x000000449ac00000,0x000000449ad00000) (1024K)]
  0x0000020427ac28c0 WorkerThread "G1 Conc#0"                       [id=11568, stack(0x000000449ad00000,0x000000449ae00000) (1024K)]

[error occurred during error reporting (printing all threads), id 0xc0000005, EXCEPTION_ACCESS_VIOLATION (0xc0000005) at pc=0x00007ffc65ff0cea]
VM state: not at safepoint (not fully initialized)

VM Mutex/Monitor currently owned by a thread:  ([mutex/lock_event])
[0x00007ffc66a61d20] Heap_lock - owner thread: 0x000002042582e0b0

Heap address: 0x0000000704000000, size: 4032 MB, Compressed Oops mode: Zero based, Oop shift amount: 3

CDS archive(s) mapped at: [0x0000000000000000-0x0000000000000000-0x0000000000000000), size 0, SharedBaseAddress: 0x0000000800000000, ArchiveRelocationMode: 1.
UseCompressedClassPointers 1, UseCompactObjectHeaders 0
Narrow klass pointer bits 32, Max shift 3
Narrow klass base: 0xffffffffffffffff, Narrow klass shift: -1
Encoding Range: [0xffffffffffffffff - 0x000000007fffffff), (2147483648 bytes)
Klass Range:    [0x0000000000000000 - 0x0000000000000000), (0 bytes)
Klass ID Range:  [4294967295 - 0) (1)
No protection zone.

GC Precious Log:
 CardTable entry size: 512
 Card Set container configuration: InlinePtr #cards 4 size 8 Array Of Cards #cards 16 size 48 Howl #buckets 8 coarsen threshold 3686 Howl Bitmap #cards 512 size 80 coarsen threshold 460 Card regions per heap region 1 cards per card region 4096

Heap:
 garbage-first heap   total reserved 4128768K, committed 0K, used 0K [0x0000000704000000, 0x0000000800000000)
  region size 2048K, 0 young (0K), 0 survivors (0K)

Heap Regions: E=young(eden), S=young(survivor), O=old, HS=humongous(starts), HC=humongous(continues), CS=collection set, F=free, TAMS=top-at-mark-start, PB=parsable bottom

Card table byte_map: [0x000002043b950000,0x000002043c130000] _byte_map_base: 0x0000020438130000

Marking Bits: (CMBitMap*) 0x0000020427aa85d0
 Bits: [0x000002043c130000, 0x0000020440030000)

GC Heap Usage History (0 events):
No events

Metaspace Usage History (0 events):
No events

Dll operation events (1 events):
Event: 0.006 Loaded shared library C:\Program Files\JetBrains\WebStorm 2026.1\jbr\bin\java.dll

Deoptimization events (0 events):
No events

Classes loaded (0 events):
No events

Classes unloaded (0 events):
No events

Classes redefined (0 events):
No events

Internal exceptions (0 events):
No events

VM Operations (0 events):
No events

Memory protections (0 events):
No events

Nmethod flushes (0 events):
No events

Events (0 events):
No events


Dynamic libraries:
0x00007ff67c820000 - 0x00007ff67c82a000 	C:\Program Files\JetBrains\WebStorm 2026.1\jbr\bin\java.exe
0x00007ffcc6e70000 - 0x00007ffcc7087000 	C:\WINDOWS\SYSTEM32\ntdll.dll
0x00007ffcc5890000 - 0x00007ffcc5954000 	C:\WINDOWS\System32\KERNEL32.DLL
0x00007ffcc4280000 - 0x00007ffcc4652000 	C:\WINDOWS\System32\KERNELBASE.dll
0x00007ffcc4980000 - 0x00007ffcc4a91000 	C:\WINDOWS\System32\ucrtbase.dll
0x00007ffcbf0d0000 - 0x00007ffcbf0ee000 	C:\Program Files\JetBrains\WebStorm 2026.1\jbr\bin\VCRUNTIME140.dll
0x00007ffc9c0a0000 - 0x00007ffc9c0b7000 	C:\Program Files\JetBrains\WebStorm 2026.1\jbr\bin\jli.dll
0x00007ffcc6490000 - 0x00007ffcc6641000 	C:\WINDOWS\System32\USER32.dll
0x00007ffcc4ad0000 - 0x00007ffcc4af6000 	C:\WINDOWS\System32\win32u.dll
0x00007ffcc6ac0000 - 0x00007ffcc6ae9000 	C:\WINDOWS\System32\GDI32.dll
0x00007ffcac510000 - 0x00007ffcac7ab000 	C:\WINDOWS\WinSxS\amd64_microsoft.windows.common-controls_6595b64144ccf1df_6.0.22621.5697_none_27154c497380d676\COMCTL32.dll
0x00007ffcc3f60000 - 0x00007ffcc4083000 	C:\WINDOWS\System32\gdi32full.dll
0x00007ffcc6ca0000 - 0x00007ffcc6d47000 	C:\WINDOWS\System32\msvcrt.dll
0x00007ffcc4820000 - 0x00007ffcc48ba000 	C:\WINDOWS\System32\msvcp_win.dll
0x00007ffcc4b80000 - 0x00007ffcc4bb1000 	C:\WINDOWS\System32\IMM32.DLL
0x00007ffcbfcb0000 - 0x00007ffcbfcbc000 	C:\Program Files\JetBrains\WebStorm 2026.1\jbr\bin\vcruntime140_1.dll
0x00007ffcaacc0000 - 0x00007ffcaad49000 	C:\Program Files\JetBrains\WebStorm 2026.1\jbr\bin\msvcp140.dll
0x00007ffc65c10000 - 0x00007ffc66b62000 	C:\Program Files\JetBrains\WebStorm 2026.1\jbr\bin\server\jvm.dll
0x00007ffcc6660000 - 0x00007ffcc6711000 	C:\WINDOWS\System32\ADVAPI32.dll
0x00007ffcc5070000 - 0x00007ffcc5118000 	C:\WINDOWS\System32\sechost.dll
0x00007ffcc4aa0000 - 0x00007ffcc4ac8000 	C:\WINDOWS\System32\bcrypt.dll
0x00007ffcc6b80000 - 0x00007ffcc6c97000 	C:\WINDOWS\System32\RPCRT4.dll
0x00007ffcc57b0000 - 0x00007ffcc5821000 	C:\WINDOWS\System32\WS2_32.dll
0x00007ffcc3760000 - 0x00007ffcc37ad000 	C:\WINDOWS\SYSTEM32\POWRPROF.dll
0x00007ffcbe060000 - 0x00007ffcbe094000 	C:\WINDOWS\SYSTEM32\WINMM.dll
0x00007ffcbd200000 - 0x00007ffcbd20a000 	C:\WINDOWS\SYSTEM32\VERSION.dll
0x00007ffcc36e0000 - 0x00007ffcc36f3000 	C:\WINDOWS\SYSTEM32\UMPDC.dll
0x00007ffcc2f40000 - 0x00007ffcc2f58000 	C:\WINDOWS\SYSTEM32\kernel.appcore.dll
0x00007ffcbea80000 - 0x00007ffcbea8a000 	C:\Program Files\JetBrains\WebStorm 2026.1\jbr\bin\jimage.dll
0x00007ffcc1880000 - 0x00007ffcc1ab3000 	C:\WINDOWS\SYSTEM32\DBGHELP.DLL
0x00007ffcc4cd0000 - 0x00007ffcc5062000 	C:\WINDOWS\System32\combase.dll
0x00007ffcc6d50000 - 0x00007ffcc6e28000 	C:\WINDOWS\System32\OLEAUT32.dll
0x00007ffc952e0000 - 0x00007ffc95312000 	C:\WINDOWS\SYSTEM32\dbgcore.DLL
0x00007ffcc4200000 - 0x00007ffcc427b000 	C:\WINDOWS\System32\bcryptPrimitives.dll
0x00007ffcbea10000 - 0x00007ffcbea2f000 	C:\Program Files\JetBrains\WebStorm 2026.1\jbr\bin\java.dll
0x00007ffcc5610000 - 0x00007ffcc57b0000 	C:\WINDOWS\System32\ole32.dll
0x00007ffcc5b30000 - 0x00007ffcc63d1000 	C:\WINDOWS\System32\SHELL32.dll
0x00007ffcc4660000 - 0x00007ffcc479f000 	C:\WINDOWS\System32\wintypes.dll

JVMTI agents: none

dbghelp: loaded successfully - version: 4.0.5 - missing functions: none
symbol engine: initialized successfully - sym options: 0x614 - pdb path: .;C:\Program Files\JetBrains\WebStorm 2026.1\jbr\bin;C:\WINDOWS\SYSTEM32;C:\WINDOWS\WinSxS\amd64_microsoft.windows.common-controls_6595b64144ccf1df_6.0.22621.5697_none_27154c497380d676;C:\Program Files\JetBrains\WebStorm 2026.1\jbr\bin\server

VM Arguments:
java_command: git4idea.http.GitAskPassApp Username for 'https://github.com': 
java_class_path (initial): C:/Program Files/JetBrains/WebStorm 2026.1/plugins/vcs-git/lib/git4idea-rt.jar;C:/Program Files/JetBrains/WebStorm 2026.1/lib/externalProcess-rt.jar
Launcher Type: SUN_STANDARD

[Global flags]
     intx CICompilerCount                          = 4                                         {product} {ergonomic}
     uint ConcGCThreads                            = 2                                         {product} {ergonomic}
     uint G1ConcRefinementThreads                  = 8                                         {product} {ergonomic}
   size_t G1HeapRegionSize                         = 2097152                                   {product} {ergonomic}
   size_t InitialHeapSize                          = 264241152                                 {product} {ergonomic}
   size_t MarkStackSize                            = 4194304                                   {product} {ergonomic}
   size_t MarkStackSizeMax                         = 536870912                                 {product} {ergonomic}
   size_t MaxHeapSize                              = 4227858432                                {product} {ergonomic}
   size_t MinHeapDeltaBytes                        = 2097152                                   {product} {ergonomic}
   size_t MinHeapSize                              = 8388608                                   {product} {ergonomic}
    uintx NonNMethodCodeHeapSize                   = 5832704                                {pd product} {ergonomic}
    uintx NonProfiledCodeHeapSize                  = 122945536                              {pd product} {ergonomic}
    uintx ProfiledCodeHeapSize                     = 122880000                              {pd product} {ergonomic}
    uintx ReservedCodeCacheSize                    = 251658240                              {pd product} {ergonomic}
     bool SegmentedCodeCache                       = true                                      {product} {ergonomic}
   size_t SoftMaxHeapSize                          = 4227858432                             {manageable} {ergonomic}
     bool UseCompressedOops                        = true                           {product lp64_product} {ergonomic}
     bool UseG1GC                                  = true                                      {product} {ergonomic}
     bool UseLargePagesIndividualAllocation        = false                                  {pd product} {ergonomic}

Logging:
Log output configuration:
 #0: stdout all=warning uptime,level,tags foldmultilines=false
 #1: stderr all=off uptime,level,tags foldmultilines=false

Release file:
<release file has not been read>
Environment Variables:
JAVA_HOME=C:\Program Files\Java\jdk-20
PATH=C:/Program Files/Git/mingw64/libexec/git-core;C:/Program Files/Git/mingw64/libexec/git-core;C:\Program Files\Git\mingw64\bin;C:\Program Files\Git\usr\bin;C:\Users\Shubham\bin;C:\WINDOWS.X64_193000_db_home\bin;C:\oracle19c\product\19.0.0\dslmhome_1\bin;C:\Program Files\Common Files\Oracle\Java\javapath;C:\WINDOWS\system32;C:\WINDOWS;C:\WINDOWS\System32\Wbem;C:\WINDOWS\System32\WindowsPowerShell\v1.0\;C:\WINDOWS\System32\OpenSSH\;C:\Program Files\dotnet\;C:\Program Files\Java\jdk-20\bin;C:\ProgramData\chocolatey\bin;C:\Program Files\nodejs\;C:\Program Files\MongoDB\Server\7.0\bin;C:\Program Files\kotlinc\bin;C:\Program Files\Git\cmd;C:\Users\Shubham\AppData\Local\Microsoft\WindowsApps;C:\Users\Shubham\AppData\Local\Programs\Microsoft VS Code\bin;C:\Users\Shubham\AppData\Roaming\npm;C:\Flutter\flutter\bin;C:\Users\Shubham\AppData\Local\Android\Sdk\platform-tools;C:\Program Files\kotlinc\bin;C:\Program Files\Java\jdk-20\bin
USERNAME=Shubham
DISPLAY=:0.0
LC_ALL=en_US.UTF-8
TERM=xterm-256color
TMPDIR=C:\Users\Shubham\AppData\Local\Temp
OS=Windows_NT
PROCESSOR_IDENTIFIER=Intel64 Family 6 Model 140 Stepping 2, GenuineIntel
TMP=C:\Users\Shubham\AppData\Local\Temp
TEMP=C:\Users\Shubham\AppData\Local\Temp




Compilation memory statistics disabled.

Periodic native trim disabled

JNI global refs:
JNI global refs: 0, weak refs: 0

JNI global refs memory usage: 0, weak refs: 0

Process memory usage:
Resident Set Size: 13036K (0% of 16513204K total physical memory with 5456024K free physical memory)

OOME stack traces (most recent first):
Classloader memory used:

---------------  S Y S T E M  ---------------

OS:
 Windows 11 , 64 bit Build 22621 (10.0.22621.5415)
OS uptime: 0 days 4:11 hours

CPU: total 8 (initial active 8) (4 cores per cpu, 2 threads per core) family 6 model 140 stepping 2 microcode 0x16, cx8, cmov, fxsr, ht, mmx, 3dnowpref, sse, sse2, sse3, ssse3, sse4.1, sse4.2, popcnt, lzcnt, tsc, tscinvbit, avx, avx2, aes, erms, clmul, bmi1, bmi2, adx, avx512f, avx512dq, avx512cd, avx512bw, avx512vl, sha, fma, vzeroupper, avx512_vpopcntdq, avx512_vpclmulqdq, avx512_vaes, avx512_vnni, clflush, clflushopt, clwb, avx512_vbmi2, avx512_vbmi, rdtscp, rdpid, fsrm, gfni, avx512_bitalg, f16c, pku, cet_ibt, cet_ss, avx512_ifma
Processor Information for the first 8 processors :
  Max Mhz: 2496, Current Mhz: 2496, Mhz Limit: 2496

Memory: 4k page, system-wide physical 16126M (5328M free)
TotalPageFile size 16126M (AvailPageFile size 147M)
current process WorkingSet (physical memory assigned to process): 12M, peak: 12M
current process commit charge ("private bytes"): 61M, peak: 312M

vm_info: OpenJDK 64-Bit Server VM (25.0.2+1-b329.72) for windows-amd64 JRE (25.0.2+1-b329.72), built on 2026-03-02 with MS VC++ 17.14 (VS2022)

END.
